<?xml version="1.0" encoding="UTF-8"?>
<!-- Generated by org.testng.reporters.JUnitXMLReporter -->
<testsuite ignored="0" hostname="ESOVO01LBLD16S2" failures="0" tests="3" name="Default test" time="14.896" errors="0" timestamp="2022-09-09T12:35:44 CEST">
  <testcase classname="pruebaSelenium.Test1Test" name="conectarPagina" time="1.528"/>
  <testcase classname="pruebaSelenium.Test1Test" name="conectarPagina2" time="0.921"/>
  <testcase classname="pruebaSelenium.Test1Test" name="findFlights" time="1.509"/>
</testsuite> <!-- Default test -->
