<?xml version="1.0" encoding="UTF-8"?>
<testng-results ignored="0" total="2" passed="2" failed="0" skipped="0">
  <reporter-output>
  </reporter-output>
  <suite started-at="2022-07-14T11:14:22 CEST" name="Default suite" finished-at="2022-07-14T11:14:28 CEST" duration-ms="6220">
    <groups>
    </groups>
    <test started-at="2022-07-14T11:14:22 CEST" name="Default test" finished-at="2022-07-14T11:14:28 CEST" duration-ms="6220">
      <class name="pruebaSelenium.Test1Test">
        <test-method is-config="true" signature="setUp()[pri:0, instance:pruebaSelenium.Test1Test@2ed2d9cb]" started-at="2022-07-14T11:14:22 CEST" name="setUp" finished-at="2022-07-14T11:14:25 CEST" duration-ms="2549" status="PASS">
          <reporter-output>
          </reporter-output>
        </test-method> <!-- setUp -->
        <test-method signature="conectarPagina()[pri:0, instance:pruebaSelenium.Test1Test@2ed2d9cb]" started-at="2022-07-14T11:14:25 CEST" name="conectarPagina" finished-at="2022-07-14T11:14:26 CEST" duration-ms="868" status="PASS">
          <reporter-output>
          </reporter-output>
        </test-method> <!-- conectarPagina -->
        <test-method is-config="true" signature="tearDown()[pri:0, instance:pruebaSelenium.Test1Test@2ed2d9cb]" started-at="2022-07-14T11:14:26 CEST" name="tearDown" finished-at="2022-07-14T11:14:26 CEST" duration-ms="218" status="PASS">
          <reporter-output>
          </reporter-output>
        </test-method> <!-- tearDown -->
        <test-method is-config="true" signature="setUp()[pri:0, instance:pruebaSelenium.Test1Test@2ed2d9cb]" started-at="2022-07-14T11:14:26 CEST" name="setUp" finished-at="2022-07-14T11:14:27 CEST" duration-ms="1046" status="PASS">
          <reporter-output>
          </reporter-output>
        </test-method> <!-- setUp -->
        <test-method signature="findFlights()[pri:0, instance:pruebaSelenium.Test1Test@2ed2d9cb]" started-at="2022-07-14T11:14:27 CEST" name="findFlights" finished-at="2022-07-14T11:14:28 CEST" duration-ms="1286" status="PASS">
          <reporter-output>
          </reporter-output>
        </test-method> <!-- findFlights -->
        <test-method is-config="true" signature="tearDown()[pri:0, instance:pruebaSelenium.Test1Test@2ed2d9cb]" started-at="2022-07-14T11:14:28 CEST" name="tearDown" finished-at="2022-07-14T11:14:28 CEST" duration-ms="205" status="PASS">
          <reporter-output>
          </reporter-output>
        </test-method> <!-- tearDown -->
      </class> <!-- pruebaSelenium.Test1Test -->
    </test> <!-- Default test -->
  </suite> <!-- Default suite -->
</testng-results>
